{"coverageValidation":[{"breakCount":3,"coverageRatio":1,"isValidCoverage":false,"shift":"MORNING_SHIFT"}],"level":"warn","message":"Potential insufficient team coverage","timestamp":"2024-12-10T11:47:56.793Z"}
{"level":"info","message":"Generated 3 breaks for user jojo","timestamp":"2024-12-10T11:47:56.972Z"}
{"level":"info","message":"Total breaks generated: 3","timestamp":"2024-12-10T11:47:56.973Z"}
{"invalidBreaks":[{"break":{"endTime":"2024-12-10T10:51:37.747Z","shift":"MORNING_SHIFT","slot":"MIDDAY","startTime":"2024-12-10T10:21:37.747Z","status":"PENDING","type":"LUNCH_BREAK","userId":"6748cc89fd909bf0cba6ad49","username":"jojo"},"error":"Break time conflicts with existing breaks"}],"level":"warn","message":"Some breaks failed validation","timestamp":"2024-12-10T11:48:47.583Z"}
{"coverageValidation":[{"breakCount":2,"coverageRatio":1,"isValidCoverage":false,"shift":"MORNING_SHIFT"}],"level":"warn","message":"Potential insufficient team coverage","timestamp":"2024-12-10T11:48:47.584Z"}
{"level":"info","message":"Generated 2 breaks for user jojo","timestamp":"2024-12-10T11:48:47.708Z"}
{"level":"info","message":"Total breaks generated: 2","timestamp":"2024-12-10T11:48:47.708Z"}
{"coverageValidation":[{"breakCount":3,"coverageRatio":1,"isValidCoverage":false,"shift":"EVENING_SHIFT"}],"level":"warn","message":"Potential insufficient team coverage","timestamp":"2024-12-10T15:01:07.406Z"}
{"level":"info","message":"Generated 3 breaks for user jojo","timestamp":"2024-12-10T15:01:07.526Z"}
{"level":"info","message":"Total breaks generated: 3","timestamp":"2024-12-10T15:01:07.527Z"}
{"coverageValidation":[{"breakCount":3,"coverageRatio":1,"isValidCoverage":false,"shift":"MORNING_SHIFT"}],"level":"warn","message":"Potential insufficient team coverage","timestamp":"2024-12-11T13:05:43.573Z"}
{"level":"info","message":"Generated 3 breaks for user jojo","timestamp":"2024-12-11T13:05:43.707Z"}
{"level":"info","message":"Total breaks generated: 3","timestamp":"2024-12-11T13:05:43.707Z"}
{"coverageValidation":[{"breakCount":3,"coverageRatio":1,"isValidCoverage":false,"shift":"MORNING_SHIFT"}],"level":"warn","message":"Potential insufficient team coverage","timestamp":"2024-12-11T13:08:18.627Z"}
{"level":"info","message":"Generated 3 breaks for user jojo","timestamp":"2024-12-11T13:08:18.801Z"}
{"level":"info","message":"Total breaks generated: 3","timestamp":"2024-12-11T13:08:18.802Z"}
{"invalidBreaks":[{"break":{"endTime":"2024-12-11T10:29:17.661Z","shift":"MORNING_SHIFT","slot":"EARLY_MORNING","startTime":"2024-12-11T10:14:17.661Z","status":"PENDING","type":"SCREEN_BREAK_1","userId":"6748cc89fd909bf0cba6ad49","username":"jojo"},"error":"Break time conflicts with existing breaks"},{"break":{"endTime":"2024-12-11T13:22:26.430Z","shift":"MORNING_SHIFT","slot":"LATE_AFTERNOON","startTime":"2024-12-11T13:07:26.430Z","status":"PENDING","type":"SCREEN_BREAK_2","userId":"6748cc89fd909bf0cba6ad49","username":"jojo"},"error":"Break time conflicts with existing breaks"}],"level":"warn","message":"Some breaks failed validation","timestamp":"2024-12-11T13:30:10.852Z"}
{"coverageValidation":[{"breakCount":1,"coverageRatio":1,"isValidCoverage":false,"shift":"MORNING_SHIFT"}],"level":"warn","message":"Potential insufficient team coverage","timestamp":"2024-12-11T13:30:10.854Z"}
{"level":"info","message":"Generated 1 breaks for user jojo","timestamp":"2024-12-11T13:30:11.009Z"}
{"level":"info","message":"Total breaks generated: 1","timestamp":"2024-12-11T13:30:11.010Z"}
{"invalidBreaks":[{"break":{"endTime":"2024-12-11T12:57:26.950Z","shift":"MORNING_SHIFT","slot":"LATE_AFTERNOON","startTime":"2024-12-11T12:42:26.950Z","status":"PENDING","type":"SCREEN_BREAK_2","userId":"6748cc89fd909bf0cba6ad49","username":"jojo"},"error":"Break time conflicts with existing breaks"}],"level":"warn","message":"Some breaks failed validation","timestamp":"2024-12-11T13:31:04.887Z"}
{"coverageValidation":[{"breakCount":2,"coverageRatio":1,"isValidCoverage":false,"shift":"MORNING_SHIFT"}],"level":"warn","message":"Potential insufficient team coverage","timestamp":"2024-12-11T13:31:04.888Z"}
{"level":"info","message":"Generated 2 breaks for user jojo","timestamp":"2024-12-11T13:31:05.000Z"}
{"level":"info","message":"Total breaks generated: 2","timestamp":"2024-12-11T13:31:05.000Z"}
{"invalidBreaks":[{"break":{"endTime":"2024-12-11T07:55:57.318Z","shift":"MORNING_SHIFT","slot":"EARLY_MORNING","startTime":"2024-12-11T07:40:57.318Z","status":"PENDING","type":"SCREEN_BREAK_1","userId":"6748cc89fd909bf0cba6ad49","username":"jojo"},"error":"Break time conflicts with existing breaks"},{"break":{"endTime":"2024-12-11T13:36:38.069Z","shift":"MORNING_SHIFT","slot":"MIDDAY","startTime":"2024-12-11T13:06:38.069Z","status":"PENDING","type":"LUNCH_BREAK","userId":"6748cc89fd909bf0cba6ad49","username":"jojo"},"error":"Break time conflicts with existing breaks"},{"break":{"endTime":"2024-12-11T12:52:04.527Z","shift":"MORNING_SHIFT","slot":"LATE_AFTERNOON","startTime":"2024-12-11T12:37:04.527Z","status":"PENDING","type":"SCREEN_BREAK_2","userId":"6748cc89fd909bf0cba6ad49","username":"jojo"},"error":"Break time conflicts with existing breaks"}],"level":"warn","message":"Some breaks failed validation","timestamp":"2024-12-11T13:31:32.194Z"}
{"level":"info","message":"Generated 0 breaks for user jojo","timestamp":"2024-12-11T13:31:32.194Z"}
{"level":"info","message":"Total breaks generated: 0","timestamp":"2024-12-11T13:31:32.194Z"}
{"invalidBreaks":[{"break":{"endTime":"2024-12-11T13:38:28.319Z","shift":"MORNING_SHIFT","slot":"MIDDAY","startTime":"2024-12-11T13:08:28.319Z","status":"PENDING","type":"LUNCH_BREAK","userId":"6748cc89fd909bf0cba6ad49","username":"jojo"},"error":"Break time conflicts with existing breaks"}],"level":"warn","message":"Some breaks failed validation","timestamp":"2024-12-11T13:31:38.198Z"}
{"coverageValidation":[{"breakCount":2,"coverageRatio":1,"isValidCoverage":false,"shift":"MORNING_SHIFT"}],"level":"warn","message":"Potential insufficient team coverage","timestamp":"2024-12-11T13:31:38.199Z"}
{"level":"info","message":"Generated 2 breaks for user jojo","timestamp":"2024-12-11T13:31:38.362Z"}
{"level":"info","message":"Total breaks generated: 2","timestamp":"2024-12-11T13:31:38.362Z"}
{"invalidBreaks":[{"break":{"endTime":"2024-12-11T10:25:35.799Z","shift":"MORNING_SHIFT","slot":"EARLY_MORNING","startTime":"2024-12-11T10:10:35.799Z","status":"PENDING","type":"SCREEN_BREAK_1","userId":"6748cc89fd909bf0cba6ad49","username":"jojo"},"error":"Break time conflicts with existing breaks"},{"break":{"endTime":"2024-12-11T11:26:35.825Z","shift":"MORNING_SHIFT","slot":"MIDDAY","startTime":"2024-12-11T10:56:35.825Z","status":"PENDING","type":"LUNCH_BREAK","userId":"6748cc89fd909bf0cba6ad49","username":"jojo"},"error":"Break time conflicts with existing breaks"}],"level":"warn","message":"Some breaks failed validation","timestamp":"2024-12-11T13:32:33.422Z"}
{"coverageValidation":[{"breakCount":1,"coverageRatio":1,"isValidCoverage":false,"shift":"MORNING_SHIFT"}],"level":"warn","message":"Potential insufficient team coverage","timestamp":"2024-12-11T13:32:33.423Z"}
{"level":"info","message":"Generated 1 breaks for user jojo","timestamp":"2024-12-11T13:32:33.554Z"}
{"level":"info","message":"Total breaks generated: 1","timestamp":"2024-12-11T13:32:33.554Z"}
{"invalidBreaks":[{"break":{"endTime":"2024-12-11T07:37:52.710Z","shift":"MORNING_SHIFT","slot":"EARLY_MORNING","startTime":"2024-12-11T07:22:52.710Z","status":"PENDING","type":"SCREEN_BREAK_1","userId":"6748cc89fd909bf0cba6ad49","username":"jojo"},"error":"Break time conflicts with existing breaks"},{"break":{"endTime":"2024-12-11T10:25:30.941Z","shift":"MORNING_SHIFT","slot":"MIDDAY","startTime":"2024-12-11T09:55:30.941Z","status":"PENDING","type":"LUNCH_BREAK","userId":"6748cc89fd909bf0cba6ad49","username":"jojo"},"error":"Break time conflicts with existing breaks"},{"break":{"endTime":"2024-12-11T13:19:21.247Z","shift":"MORNING_SHIFT","slot":"LATE_AFTERNOON","startTime":"2024-12-11T13:04:21.247Z","status":"PENDING","type":"SCREEN_BREAK_2","userId":"6748cc89fd909bf0cba6ad49","username":"jojo"},"error":"Break time conflicts with existing breaks"}],"level":"warn","message":"Some breaks failed validation","timestamp":"2024-12-11T13:32:41.454Z"}
{"level":"info","message":"Generated 0 breaks for user jojo","timestamp":"2024-12-11T13:32:41.456Z"}
{"level":"info","message":"Total breaks generated: 0","timestamp":"2024-12-11T13:32:41.456Z"}
